Compiling the C compiler identification source file "CMakeCCompilerId.c" failed.
Compiler: /opt/homebrew/bin/arm-none-eabi-gcc 
Build flags: -fdata-sections;-ffunction-sections;-Wl,--gc-sections
Id flags: -c;--target=arm-linux-gnueabihf 

The output was:
1
arm-none-eabi-gcc: error: unrecognized command-line option '--target=arm-linux-gnueabihf'


Compiling the C compiler identification source file "CMakeCCompilerId.c" failed.
Compiler: /opt/homebrew/bin/arm-none-eabi-gcc 
Build flags: -fdata-sections;-ffunction-sections;-Wl,--gc-sections
Id flags:  

The output was:
1
/Applications/ARM/bin/../lib/gcc/arm-none-eabi/10.3.1/../../../../arm-none-eabi/bin/ld: /Applications/ARM/bin/../lib/gcc/arm-none-eabi/10.3.1/../../../../arm-none-eabi/lib/libc.a(lib_a-exit.o): in function `exit':
exit.c:(.text.exit+0x2c): undefined reference to `_exit'
collect2: error: ld returned 1 exit status


Compiling the CXX compiler identification source file "CMakeCXXCompilerId.cpp" failed.
Compiler: /opt/homebrew/bin/arm-none-eabi-g++ 
Build flags: -fdata-sections;-ffunction-sections;-Wl,--gc-sections;-fno-rtti;-fno-exceptions;-fno-threadsafe-statics
Id flags: -c;--target=arm-linux-gnueabihf 

The output was:
1
arm-none-eabi-g++: error: unrecognized command-line option '--target=arm-linux-gnueabihf'


Compiling the CXX compiler identification source file "CMakeCXXCompilerId.cpp" failed.
Compiler: /opt/homebrew/bin/arm-none-eabi-g++ 
Build flags: -fdata-sections;-ffunction-sections;-Wl,--gc-sections;-fno-rtti;-fno-exceptions;-fno-threadsafe-statics
Id flags:  

The output was:
1
/Applications/ARM/bin/../lib/gcc/arm-none-eabi/10.3.1/../../../../arm-none-eabi/bin/ld: /Applications/ARM/bin/../lib/gcc/arm-none-eabi/10.3.1/../../../../arm-none-eabi/lib/libc.a(lib_a-exit.o): in function `exit':
exit.c:(.text.exit+0x2c): undefined reference to `_exit'
collect2: error: ld returned 1 exit status


